<?xml version="1.0" encoding="UTF-8"?>
<!-- Generated by org.testng.reporters.JUnitXMLReporter -->
<testsuite ignored="0" hostname="sony-PC" failures="0" tests="2" name="Default test" time="46.264" errors="0" timestamp="2020-05-25T21:34:53 IST">
  <testcase classname="testpackage.Usertest" name="test" time="3.722"/>
  <testcase classname="testpackage.Usertest" name="validateCreateNewuser" time="0.0">
    <skipped/>
  </testcase> <!-- validateCreateNewuser -->
</testsuite> <!-- Default test -->
